Traceback (most recent call last):
  File "/lhome/pablom/.local/lib/python3.10/site-packages/jupyter_cache/executors/utils.py", line 51, in single_nb_execution
    executenb(
  File "/usr/lib/python3/dist-packages/nbclient/client.py", line 1093, in execute
    return NotebookClient(nb=nb, resources=resources, km=km, **kwargs).execute()
  File "/usr/lib/python3/dist-packages/nbclient/util.py", line 84, in wrapped
    return just_run(coro(*args, **kwargs))
  File "/usr/lib/python3/dist-packages/nbclient/util.py", line 62, in just_run
    return loop.run_until_complete(coro)
  File "/usr/lib/python3.10/asyncio/base_events.py", line 646, in run_until_complete
    return future.result()
  File "/usr/lib/python3/dist-packages/nbclient/client.py", line 559, in async_execute
    await self.async_execute_cell(
  File "/usr/lib/python3/dist-packages/nbclient/client.py", line 854, in async_execute_cell
    self._check_raise_for_error(cell, exec_reply)
  File "/usr/lib/python3/dist-packages/nbclient/client.py", line 756, in _check_raise_for_error
    raise CellExecutionError.from_cell_and_msg(cell, exec_reply_content)
nbclient.exceptions.CellExecutionError: An error occurred while executing the following cell:
------------------
rhoc_div_rho_avg(1.5)
#nvals = LinRange(1,2,20)
#rhoc_div_rho_avg_vals = rhoc_div_rho_avg.(nvals)
------------------

DomainError with -9.405366910280665e-6:
Exponentiation yielding a complex result requires a complex argument.
Replace x^y with (x+0im)^y, Complex(x)^y, or similar.

Stacktrace:
 [1] throw_exp_domainerror(x::Float64)
   @ Base.Math ./math.jl:37
 [2] ^(x::Float64, y::Float64)
   @ Base.Math ./math.jl:1008
 [3] dzdx
   @ ./In[2]:2 [inlined]
 [4] RK_step(x::Float64, y::Float64, z::Float64, n::Float64, Δx::Float64)
   @ Main ./In[2]:15
 [5] rhoc_div_rho_avg(n::Float64)
   @ Main ./In[6]:14
 [6] top-level scope
   @ In[7]:1
 [7] eval
   @ ./boot.jl:368 [inlined]
 [8] include_string(mapexpr::typeof(REPL.softscope), mod::Module, code::String, filename::String)
   @ Base ./loading.jl:1428
LoadError: DomainError with -9.405366910280665e-6:
Exponentiation yielding a complex result requires a complex argument.
Replace x^y with (x+0im)^y, Complex(x)^y, or similar.

