Traceback (most recent call last):
  File "/lhome/pablom/.local/lib/python3.10/site-packages/jupyter_cache/executors/utils.py", line 51, in single_nb_execution
    executenb(
  File "/usr/lib/python3/dist-packages/nbclient/client.py", line 1093, in execute
    return NotebookClient(nb=nb, resources=resources, km=km, **kwargs).execute()
  File "/usr/lib/python3/dist-packages/nbclient/util.py", line 84, in wrapped
    return just_run(coro(*args, **kwargs))
  File "/usr/lib/python3/dist-packages/nbclient/util.py", line 62, in just_run
    return loop.run_until_complete(coro)
  File "/usr/lib/python3.10/asyncio/base_events.py", line 646, in run_until_complete
    return future.result()
  File "/usr/lib/python3/dist-packages/nbclient/client.py", line 559, in async_execute
    await self.async_execute_cell(
  File "/usr/lib/python3/dist-packages/nbclient/client.py", line 854, in async_execute_cell
    self._check_raise_for_error(cell, exec_reply)
  File "/usr/lib/python3/dist-packages/nbclient/client.py", line 756, in _check_raise_for_error
    raise CellExecutionError.from_cell_and_msg(cell, exec_reply_content)
nbclient.exceptions.CellExecutionError: An error occurred while executing the following cell:
------------------
plot(xlabel=L"$\log_{10}T_\mathrm{eff}$", ylabel=L"\log_{10}L/L_\odot")

# Predicted Zero-age main-sequence location for stars of masses (in Msun):
#     0.4, 0.8, 0.9, 1.0, 1.25, 1.5, 1.7, 2, 2.5
# All models except those with M=0.4 Msun are from Schaller et al. (1992):
# - https://ui.adsabs.harvard.edu/abs/1992A%26AS...96..269S/abstract
# Model at 0.4 Msun is from Charbonnel et al. (1999):
# - https://ui.adsabs.harvard.edu/abs/1999A%26AS..135..405C/abstract
log10_T_geneva = [3.568, 3.687, 3.724, 3.751, 3.808, 3.852, 3.901, 3.958, 4.031]
log10_L_geneva = [-1.63, -0.612, -0.394, -0.163, 0.325, 0.676, 0.916, 1.209, 1.600]

scatter!(log10_T, log10_L_div_Lsun, label="Gaia")
#scatter!(log10_T, (G_sun .- abs_G)./(-2.5))
scatter!([log10_T_from_BP_sub_RP(BP_sun-RP_sun)],[0], label="Sun")
plot!(log10_T_geneva, log10_L_geneva, linewidth=5, linestyle= :dot, color="orange", label="ZAMS")
xflip!(true)
------------------

UndefVarError: log10_T_from_BP_sub_RP not defined

Stacktrace:
 [1] top-level scope
   @ In[20]:14
 [2] eval
   @ ./boot.jl:368 [inlined]
 [3] include_string(mapexpr::typeof(REPL.softscope), mod::Module, code::String, filename::String)
   @ Base ./loading.jl:1428
LoadError: UndefVarError: log10_T_from_BP_sub_RP not defined

